/home/pkowalewski/Documents/Projects/michau/test/venv/bin/python /home/pkowalewski/Documents/Projects/michau/test/firstMethodMain.py 
cpu
  0%|          | 0.0026666666666666666/20 [00:00<42:06, 126.34s/it]Train Epoch: 1 [0/84843 (0%)]	Loss: 9.813211
  1%|          | 0.13599999999999998/20 [00:15<36:14, 109.46s/it]Train Epoch: 1 [12800/84843 (15%)]	Loss: 3685.195557
  1%|▏         | 0.2693333333333337/20 [00:29<35:58, 109.42s/it] Train Epoch: 1 [25600/84843 (30%)]	Loss: 1143.382202
  2%|▏         | 0.40266666666666623/20 [00:44<35:31, 108.75s/it]Train Epoch: 1 [38400/84843 (45%)]	Loss: 345.842957
  3%|▎         | 0.5359999999999995/20 [00:58<35:46, 110.26s/it]Train Epoch: 1 [51200/84843 (60%)]	Loss: 254.233078
  3%|▎         | 0.6693333333333348/20 [01:13<35:01, 108.69s/it]Train Epoch: 1 [64000/84843 (75%)]	Loss: 146.045273
  4%|▍         | 0.8026666666666701/20 [01:27<34:45, 108.65s/it]Train Epoch: 1 [76800/84843 (90%)]	Loss: 134.050385
  5%|▌         | 1.0000000000000062/20 [01:46<27:50, 87.92s/it]
Test Epoch: 1	Accuracy: 2319/11005 (21%)

  5%|▌         | 1.0026666666666728/20 [01:47<29:54, 94.46s/it]Train Epoch: 2 [0/84843 (0%)]	Loss: 342.106354
  6%|▌         | 1.1360000000000026/20 [02:01<34:47, 110.66s/it]Train Epoch: 2 [12800/84843 (15%)]	Loss: 122.988396
  6%|▋         | 1.2693333333333323/20 [02:16<34:31, 110.59s/it]Train Epoch: 2 [25600/84843 (30%)]	Loss: 45.225208
  7%|▋         | 1.402666666666662/20 [02:31<34:17, 110.61s/it] Train Epoch: 2 [38400/84843 (45%)]	Loss: 68.656349
  8%|▊         | 1.5359999999999918/20 [02:46<33:54, 110.16s/it]Train Epoch: 2 [51200/84843 (60%)]	Loss: 43.947914
  8%|▊         | 1.6693333333333216/20 [03:01<34:00, 111.34s/it]Train Epoch: 2 [64000/84843 (75%)]	Loss: 52.475872
  9%|▉         | 1.8026666666666513/20 [03:16<35:56, 118.49s/it]Train Epoch: 2 [76800/84843 (90%)]	Loss: 48.945507
 10%|▉         | 1.9999999999999793/20 [03:35<25:54, 86.37s/it]
Test Epoch: 2	Accuracy: 4804/11005 (44%)

Train Epoch: 3 [0/84843 (0%)]	Loss: 45.018181
 11%|█         | 2.135999999999987/20 [03:50<32:39, 109.72s/it]Train Epoch: 3 [12800/84843 (15%)]	Loss: 22.066097
 11%|█▏        | 2.2693333333333277/20 [04:04<32:32, 110.15s/it]Train Epoch: 3 [25600/84843 (30%)]	Loss: 24.206047
 12%|█▏        | 2.4026666666666685/20 [04:19<33:01, 112.59s/it]Train Epoch: 3 [38400/84843 (45%)]	Loss: 20.958605
 13%|█▎        | 2.5360000000000094/20 [04:34<32:44, 112.48s/it]Train Epoch: 3 [51200/84843 (60%)]	Loss: 15.146301
 13%|█▎        | 2.66933333333335/20 [04:49<32:07, 111.21s/it]  Train Epoch: 3 [64000/84843 (75%)]	Loss: 15.801865
 14%|█▍        | 2.802666666666691/20 [05:04<32:09, 112.20s/it] Train Epoch: 3 [76800/84843 (90%)]	Loss: 19.257040
 15%|█▌        | 3.0000000000000355/20 [05:23<25:03, 88.45s/it]
Test Epoch: 3	Accuracy: 5833/11005 (53%)

Train Epoch: 4 [0/84843 (0%)]	Loss: 20.485518
 16%|█▌        | 3.136000000000043/20 [05:39<31:32, 112.23s/it] Train Epoch: 4 [12800/84843 (15%)]	Loss: 13.517899
 16%|█▋        | 3.269333333333384/20 [05:53<31:07, 111.63s/it] Train Epoch: 4 [25600/84843 (30%)]	Loss: 15.382061
 17%|█▋        | 3.402666666666725/20 [06:08<30:49, 111.43s/it]Train Epoch: 4 [38400/84843 (45%)]	Loss: 15.135788
 18%|█▊        | 3.5360000000000658/20 [06:23<30:55, 112.73s/it]Train Epoch: 4 [51200/84843 (60%)]	Loss: 9.478337
 18%|█▊        | 3.6693333333334066/20 [06:38<30:25, 111.76s/it]Train Epoch: 4 [64000/84843 (75%)]	Loss: 9.496180
 19%|█▉        | 3.8026666666667475/20 [06:53<30:09, 111.70s/it]Train Epoch: 4 [76800/84843 (90%)]	Loss: 11.339552
 20%|██        | 4.0000000000000915/20 [07:13<23:31, 88.19s/it]
Test Epoch: 4	Accuracy: 7062/11005 (64%)

 20%|██        | 4.002666666666758/20 [07:13<25:28, 95.56s/it] Train Epoch: 5 [0/84843 (0%)]	Loss: 8.469139
 21%|██        | 4.1360000000000765/20 [07:28<30:01, 113.57s/it]Train Epoch: 5 [12800/84843 (15%)]	Loss: 9.977840
 21%|██▏       | 4.269333333333395/20 [07:43<29:15, 111.62s/it]Train Epoch: 5 [25600/84843 (30%)]	Loss: 10.351723
 22%|██▏       | 4.402666666666714/20 [07:58<28:59, 111.53s/it]Train Epoch: 5 [38400/84843 (45%)]	Loss: 9.069468
 23%|██▎       | 4.5360000000000325/20 [08:13<28:53, 112.08s/it]Train Epoch: 5 [51200/84843 (60%)]	Loss: 10.026518
 23%|██▎       | 4.669333333333351/20 [08:28<28:09, 110.17s/it]Train Epoch: 5 [64000/84843 (75%)]	Loss: 7.799563
 24%|██▍       | 4.80266666666667/20 [08:42<27:58, 110.47s/it] Train Epoch: 5 [76800/84843 (90%)]	Loss: 8.827683
 25%|██▍       | 4.999999999999981/20 [09:01<21:41, 86.77s/it]
Test Epoch: 5	Accuracy: 7278/11005 (66%)

Train Epoch: 6 [0/84843 (0%)]	Loss: 6.303925
 26%|██▌       | 5.135999999999966/20 [09:16<27:30, 111.03s/it]Train Epoch: 6 [12800/84843 (15%)]	Loss: 6.513623
 26%|██▋       | 5.269333333333285/20 [09:31<27:09, 110.60s/it]Train Epoch: 6 [25600/84843 (30%)]	Loss: 7.279118
 27%|██▋       | 5.402666666666604/20 [09:46<27:06, 111.42s/it]Train Epoch: 6 [38400/84843 (45%)]	Loss: 9.565263
 28%|██▊       | 5.535999999999922/20 [10:01<26:50, 111.36s/it]Train Epoch: 6 [51200/84843 (60%)]	Loss: 5.245607
 28%|██▊       | 5.669333333333241/20 [10:16<26:35, 111.32s/it]Train Epoch: 6 [64000/84843 (75%)]	Loss: 7.050957
 29%|██▉       | 5.80266666666656/20 [10:30<26:10, 110.62s/it] Train Epoch: 6 [76800/84843 (90%)]	Loss: 4.842951
 30%|██▉       | 5.999999999999871/20 [10:49<20:19, 87.14s/it]
Test Epoch: 6	Accuracy: 7523/11005 (68%)

Train Epoch: 7 [0/84843 (0%)]	Loss: 4.568943
 31%|███       | 6.135999999999856/20 [11:05<25:27, 110.16s/it]Train Epoch: 7 [12800/84843 (15%)]	Loss: 4.449435
 31%|███▏      | 6.269333333333175/20 [11:19<25:24, 111.02s/it] Train Epoch: 7 [25600/84843 (30%)]	Loss: 6.752032
 32%|███▏      | 6.4026666666664935/20 [11:34<25:19, 111.78s/it]Train Epoch: 7 [38400/84843 (45%)]	Loss: 4.228762
 33%|███▎      | 6.535999999999812/20 [11:49<24:55, 111.10s/it]Train Epoch: 7 [51200/84843 (60%)]	Loss: 4.128352
 33%|███▎      | 6.669333333333131/20 [12:04<24:26, 110.01s/it] Train Epoch: 7 [64000/84843 (75%)]	Loss: 4.922012
 34%|███▍      | 6.8026666666664495/20 [12:18<24:16, 110.34s/it]Train Epoch: 7 [76800/84843 (90%)]	Loss: 5.071446
 35%|███▍      | 6.999999999999761/20 [12:38<18:49, 86.85s/it]
Test Epoch: 7	Accuracy: 7929/11005 (72%)

Train Epoch: 8 [0/84843 (0%)]	Loss: 5.161559
 36%|███▌      | 7.135999999999746/20 [12:53<23:34, 110.00s/it]Train Epoch: 8 [12800/84843 (15%)]	Loss: 4.175102
 36%|███▋      | 7.269333333333065/20 [13:07<23:14, 109.51s/it]Train Epoch: 8 [25600/84843 (30%)]	Loss: 3.658037
 37%|███▋      | 7.402666666666383/20 [13:22<22:54, 109.12s/it]Train Epoch: 8 [38400/84843 (45%)]	Loss: 4.412325
 38%|███▊      | 7.535999999999702/20 [13:37<23:27, 112.96s/it]Train Epoch: 8 [51200/84843 (60%)]	Loss: 3.374590
 38%|███▊      | 7.669333333333021/20 [13:52<22:55, 111.57s/it]Train Epoch: 8 [64000/84843 (75%)]	Loss: 3.842817
 39%|███▉      | 7.802666666666339/20 [14:06<22:15, 109.47s/it]Train Epoch: 8 [76800/84843 (90%)]	Loss: 2.717012
 40%|███▉      | 7.999999999999651/20 [14:26<17:25, 87.11s/it]
Test Epoch: 8	Accuracy: 7992/11005 (73%)

 40%|████      | 8.002666666666318/20 [14:26<18:53, 94.49s/it]Train Epoch: 9 [0/84843 (0%)]	Loss: 3.164480
 41%|████      | 8.135999999999637/20 [14:41<22:22, 113.14s/it]Train Epoch: 9 [12800/84843 (15%)]	Loss: 2.378972
 41%|████▏     | 8.269333333332956/20 [14:56<21:48, 111.52s/it]Train Epoch: 9 [25600/84843 (30%)]	Loss: 2.975861
 42%|████▏     | 8.402666666666274/20 [15:10<21:24, 110.78s/it]Train Epoch: 9 [38400/84843 (45%)]	Loss: 4.110514
 43%|████▎     | 8.535999999999593/20 [15:25<21:15, 111.26s/it]Train Epoch: 9 [51200/84843 (60%)]	Loss: 2.434416
 43%|████▎     | 8.669333333332911/20 [15:40<21:01, 111.37s/it]Train Epoch: 9 [64000/84843 (75%)]	Loss: 2.928292
 44%|████▍     | 8.80266666666623/20 [15:55<20:38, 110.63s/it] Train Epoch: 9 [76800/84843 (90%)]	Loss: 2.809904
 45%|████▍     | 8.999999999999542/20 [16:14<16:55, 92.36s/it]
Test Epoch: 9	Accuracy: 8026/11005 (73%)

Train Epoch: 10 [0/84843 (0%)]	Loss: 2.935829
 46%|████▌     | 9.135999999999527/20 [16:29<20:06, 111.06s/it]Train Epoch: 10 [12800/84843 (15%)]	Loss: 2.850118
 46%|████▋     | 9.269333333332845/20 [16:44<19:41, 110.11s/it]Train Epoch: 10 [25600/84843 (30%)]	Loss: 2.003910
 47%|████▋     | 9.402666666666164/20 [16:59<19:34, 110.85s/it]Train Epoch: 10 [38400/84843 (45%)]	Loss: 2.758981
 48%|████▊     | 9.535999999999483/20 [17:14<20:06, 115.33s/it]Train Epoch: 10 [51200/84843 (60%)]	Loss: 1.683255
 48%|████▊     | 9.669333333332801/20 [17:28<18:44, 108.87s/it]Train Epoch: 10 [64000/84843 (75%)]	Loss: 1.851647
 49%|████▉     | 9.80266666666612/20 [17:43<18:44, 110.25s/it] Train Epoch: 10 [76800/84843 (90%)]	Loss: 2.085071
 50%|████▉     | 9.999999999999432/20 [18:02<14:17, 85.79s/it]
Test Epoch: 10	Accuracy: 8235/11005 (75%)

Train Epoch: 11 [0/84843 (0%)]	Loss: 1.300840
 51%|█████     | 10.135999999999417/20 [18:17<18:03, 109.88s/it]Train Epoch: 11 [12800/84843 (15%)]	Loss: 1.748965
 51%|█████▏    | 10.269333333332735/20 [18:31<18:28, 113.96s/it]Train Epoch: 11 [25600/84843 (30%)]	Loss: 1.511510
 52%|█████▏    | 10.402666666666054/20 [18:46<17:30, 109.45s/it]Train Epoch: 11 [38400/84843 (45%)]	Loss: 1.700034
 53%|█████▎    | 10.535999999999373/20 [19:00<17:09, 108.79s/it]Train Epoch: 11 [51200/84843 (60%)]	Loss: 1.393920
 53%|█████▎    | 10.669333333332691/20 [19:15<16:53, 108.62s/it]Train Epoch: 11 [64000/84843 (75%)]	Loss: 1.924019
 54%|█████▍    | 10.80266666666601/20 [19:30<16:39, 108.70s/it] Train Epoch: 11 [76800/84843 (90%)]	Loss: 1.666741
 55%|█████▍    | 10.999999999999321/20 [19:48<13:00, 86.70s/it]
Test Epoch: 11	Accuracy: 8374/11005 (76%)

 55%|█████▌    | 11.002666666665988/20 [19:49<14:10, 94.50s/it]Train Epoch: 12 [0/84843 (0%)]	Loss: 1.330185
 56%|█████▌    | 11.135999999999306/20 [20:03<16:10, 109.45s/it]Train Epoch: 12 [12800/84843 (15%)]	Loss: 1.514442
 56%|█████▋    | 11.269333333332625/20 [20:18<16:02, 110.22s/it]Train Epoch: 12 [25600/84843 (30%)]	Loss: 1.530931
 57%|█████▋    | 11.402666666665944/20 [20:33<15:37, 109.01s/it]Train Epoch: 12 [38400/84843 (45%)]	Loss: 1.224830
 58%|█████▊    | 11.535999999999262/20 [20:47<15:34, 110.47s/it]Train Epoch: 12 [51200/84843 (60%)]	Loss: 1.037988
 58%|█████▊    | 11.669333333332581/20 [21:02<15:32, 111.97s/it]Train Epoch: 12 [64000/84843 (75%)]	Loss: 1.044985
 59%|█████▉    | 11.8026666666659/20 [21:17<14:58, 109.66s/it]  Train Epoch: 12 [76800/84843 (90%)]	Loss: 1.264273
 60%|█████▉    | 11.999999999999211/20 [21:36<11:35, 86.91s/it]
Test Epoch: 12	Accuracy: 8419/11005 (77%)

Train Epoch: 13 [0/84843 (0%)]	Loss: 1.519941
 61%|██████    | 12.135999999999196/20 [21:51<14:46, 112.71s/it]Train Epoch: 13 [12800/84843 (15%)]	Loss: 1.245676
 61%|██████▏   | 12.269333333332515/20 [22:06<16:31, 128.27s/it]Train Epoch: 13 [25600/84843 (30%)]	Loss: 1.099227
 62%|██████▏   | 12.402666666665834/20 [22:21<14:08, 111.68s/it]Train Epoch: 13 [38400/84843 (45%)]	Loss: 1.438277
 63%|██████▎   | 12.535999999999152/20 [22:36<13:47, 110.85s/it]Train Epoch: 13 [51200/84843 (60%)]	Loss: 1.055756
 63%|██████▎   | 12.669333333332471/20 [22:51<13:33, 111.00s/it]Train Epoch: 13 [64000/84843 (75%)]	Loss: 0.945851
 64%|██████▍   | 12.80266666666579/20 [23:06<13:42, 114.33s/it] Train Epoch: 13 [76800/84843 (90%)]	Loss: 0.863417
 65%|██████▍   | 12.999999999999101/20 [23:25<10:07, 86.76s/it]
Test Epoch: 13	Accuracy: 8347/11005 (76%)

Train Epoch: 14 [0/84843 (0%)]	Loss: 1.666614
 66%|██████▌   | 13.135999999999086/20 [23:40<12:25, 108.62s/it]Train Epoch: 14 [12800/84843 (15%)]	Loss: 1.034487
 66%|██████▋   | 13.269333333332405/20 [23:54<12:11, 108.69s/it]Train Epoch: 14 [25600/84843 (30%)]	Loss: 1.108845
 67%|██████▋   | 13.402666666665723/20 [24:09<12:03, 109.61s/it]Train Epoch: 14 [38400/84843 (45%)]	Loss: 0.637681
 68%|██████▊   | 13.535999999999042/20 [24:24<11:56, 110.87s/it]Train Epoch: 14 [51200/84843 (60%)]	Loss: 1.035314
 68%|██████▊   | 13.66933333333236/20 [24:38<11:47, 111.70s/it] Train Epoch: 14 [64000/84843 (75%)]	Loss: 1.049720
 69%|██████▉   | 13.80266666666568/20 [24:53<11:19, 109.69s/it] Train Epoch: 14 [76800/84843 (90%)]	Loss: 1.063658
 70%|██████▉   | 13.999999999998991/20 [25:12<08:39, 86.54s/it]
Test Epoch: 14	Accuracy: 8516/11005 (77%)

 70%|███████   | 14.002666666665657/20 [25:12<09:21, 93.67s/it]Train Epoch: 15 [0/84843 (0%)]	Loss: 0.659385
 71%|███████   | 14.135999999998976/20 [25:27<10:42, 109.53s/it]Train Epoch: 15 [12800/84843 (15%)]	Loss: 0.806138
 71%|███████▏  | 14.269333333332295/20 [25:41<10:27, 109.57s/it]Train Epoch: 15 [25600/84843 (30%)]	Loss: 1.263128
 72%|███████▏  | 14.402666666665613/20 [25:56<10:21, 111.07s/it]Train Epoch: 15 [38400/84843 (45%)]	Loss: 1.056889
 73%|███████▎  | 14.535999999998932/20 [26:11<09:59, 109.64s/it]Train Epoch: 15 [51200/84843 (60%)]	Loss: 0.947802
 73%|███████▎  | 14.66933333333225/20 [26:25<09:45, 109.92s/it] Train Epoch: 15 [64000/84843 (75%)]	Loss: 0.731640
 74%|███████▍  | 14.80266666666557/20 [26:40<09:22, 108.25s/it] Train Epoch: 15 [76800/84843 (90%)]	Loss: 0.733515
 75%|███████▍  | 14.999999999998881/20 [26:58<07:10, 86.19s/it]
Test Epoch: 15	Accuracy: 8740/11005 (79%)

 75%|███████▌  | 15.002666666665547/20 [26:59<07:47, 93.46s/it]Train Epoch: 16 [0/84843 (0%)]	Loss: 0.731929
 76%|███████▌  | 15.135999999998866/20 [27:13<08:50, 109.03s/it]Train Epoch: 16 [12800/84843 (15%)]	Loss: 0.505385
 76%|███████▋  | 15.269333333332185/20 [27:28<08:38, 109.60s/it]Train Epoch: 16 [25600/84843 (30%)]	Loss: 0.636078
 77%|███████▋  | 15.402666666665503/20 [27:43<08:22, 109.28s/it]Train Epoch: 16 [38400/84843 (45%)]	Loss: 0.818991
 78%|███████▊  | 15.535999999998822/20 [27:57<08:08, 109.54s/it]Train Epoch: 16 [51200/84843 (60%)]	Loss: 0.588099
 78%|███████▊  | 15.66933333333214/20 [28:12<07:52, 109.01s/it] Train Epoch: 16 [64000/84843 (75%)]	Loss: 0.715529
 79%|███████▉  | 15.80266666666546/20 [28:26<07:36, 108.81s/it] Train Epoch: 16 [76800/84843 (90%)]	Loss: 0.761284
 80%|███████▉  | 15.99999999999877/20 [28:45<05:45, 86.45s/it] 
Test Epoch: 16	Accuracy: 8741/11005 (79%)

Train Epoch: 17 [0/84843 (0%)]	Loss: 0.825685
 81%|████████  | 16.135999999998756/20 [29:00<07:01, 108.97s/it]Train Epoch: 17 [12800/84843 (15%)]	Loss: 0.692778
 81%|████████▏ | 16.269333333332074/20 [29:15<06:45, 108.60s/it]Train Epoch: 17 [25600/84843 (30%)]	Loss: 0.842506
 82%|████████▏ | 16.402666666665393/20 [29:29<06:34, 109.77s/it]Train Epoch: 17 [38400/84843 (45%)]	Loss: 1.176654
 83%|████████▎ | 16.53599999999871/20 [29:44<06:17, 109.07s/it] Train Epoch: 17 [51200/84843 (60%)]	Loss: 0.628231
 83%|████████▎ | 16.66933333333203/20 [29:58<06:08, 110.60s/it] Train Epoch: 17 [64000/84843 (75%)]	Loss: 0.594146
 84%|████████▍ | 16.80266666666535/20 [30:13<05:49, 109.34s/it] Train Epoch: 17 [76800/84843 (90%)]	Loss: 0.796054
 85%|████████▍ | 16.99999999999866/20 [30:32<04:15, 85.22s/it] 
Test Epoch: 17	Accuracy: 8793/11005 (80%)

Train Epoch: 18 [0/84843 (0%)]	Loss: 0.808065
 86%|████████▌ | 17.135999999998646/20 [30:47<05:13, 109.34s/it]Train Epoch: 18 [12800/84843 (15%)]	Loss: 0.490869
 86%|████████▋ | 17.269333333331964/20 [31:02<05:00, 109.89s/it]Train Epoch: 18 [25600/84843 (30%)]	Loss: 0.891695
 87%|████████▋ | 17.402666666665283/20 [31:16<04:44, 109.59s/it]Train Epoch: 18 [38400/84843 (45%)]	Loss: 0.687425
 88%|████████▊ | 17.5359999999986/20 [31:31<04:31, 110.07s/it]  Train Epoch: 18 [51200/84843 (60%)]	Loss: 0.615296
 88%|████████▊ | 17.66933333333192/20 [31:46<04:16, 110.21s/it] Train Epoch: 18 [64000/84843 (75%)]	Loss: 0.775991
 89%|████████▉ | 17.80266666666524/20 [32:01<04:15, 116.07s/it] Train Epoch: 18 [76800/84843 (90%)]	Loss: 0.750811
 90%|████████▉ | 17.99999999999855/20 [32:19<02:50, 85.41s/it] 
Test Epoch: 18	Accuracy: 8816/11005 (80%)

Train Epoch: 19 [0/84843 (0%)]	Loss: 0.694166
 91%|█████████ | 18.135999999998536/20 [32:34<03:23, 108.95s/it]Train Epoch: 19 [12800/84843 (15%)]	Loss: 0.637800
 91%|█████████▏| 18.269333333331854/20 [32:49<03:10, 110.29s/it]Train Epoch: 19 [25600/84843 (30%)]	Loss: 0.905125
 92%|█████████▏| 18.402666666665173/20 [33:04<02:54, 109.16s/it]Train Epoch: 19 [38400/84843 (45%)]	Loss: 0.557854
 93%|█████████▎| 18.53599999999849/20 [33:18<02:39, 108.85s/it] Train Epoch: 19 [51200/84843 (60%)]	Loss: 1.113551
 93%|█████████▎| 18.66933333333181/20 [33:33<02:25, 109.64s/it] Train Epoch: 19 [64000/84843 (75%)]	Loss: 0.518155
 94%|█████████▍| 18.80266666666513/20 [33:48<02:14, 112.01s/it] Train Epoch: 19 [76800/84843 (90%)]	Loss: 0.741496
 95%|█████████▍| 18.99999999999844/20 [34:06<01:26, 86.36s/it] 
Test Epoch: 19	Accuracy: 8723/11005 (79%)

Train Epoch: 20 [0/84843 (0%)]	Loss: 0.854903
 96%|█████████▌| 19.135999999998425/20 [34:21<01:36, 111.16s/it]Train Epoch: 20 [12800/84843 (15%)]	Loss: 0.819385
 96%|█████████▋| 19.269333333331744/20 [34:36<01:21, 111.56s/it]Train Epoch: 20 [25600/84843 (30%)]	Loss: 0.569037
 97%|█████████▋| 19.402666666665063/20 [34:51<01:07, 113.81s/it]Train Epoch: 20 [38400/84843 (45%)]	Loss: 0.738050
 98%|█████████▊| 19.53599999999838/20 [35:06<00:50, 109.28s/it] Train Epoch: 20 [51200/84843 (60%)]	Loss: 0.720830
 98%|█████████▊| 19.6693333333317/20 [35:21<00:36, 110.32s/it]  Train Epoch: 20 [64000/84843 (75%)]	Loss: 0.706464
 99%|█████████▉| 19.80266666666502/20 [35:35<00:21, 110.77s/it] Train Epoch: 20 [76800/84843 (90%)]	Loss: 0.687667
100%|█████████▉| 19.99999999999833/20 [35:54<00:00, 107.74s/it]

Test Epoch: 20	Accuracy: 8565/11005 (78%)


Process finished with exit code 0

